Drill report for b1.kicad_pcb
Created on 2025-10-12T17:31:54+0200

Copper Layer Stackup:
    =============================================================
    L1 :  F.Cu                      front
    L2 :  In1.Cu                    in1
    L3 :  In2.Cu                    in2
    L4 :  B.Cu                      back


Drill file 'b1-PTH.drl' contains
    plated through holes:
    =============================================================
    T1  0.400mm  0.0157"  (58 holes)
    T2  1.000mm  0.0394"  (21 holes)
    T3  1.300mm  0.0512"  (5 holes)
    T4  1.500mm  0.0591"  (2 holes)  (with 2 slots)

    Total plated holes count 86


Drill file 'b1-NPTH.drl' contains
    unplated through holes:
    =============================================================
    T1  1.900mm  0.0748"  (48 holes)
    T2  3.050mm  0.1201"  (48 holes)
    T3  3.200mm  0.1260"  (4 holes)
    T4  5.050mm  0.1988"  (24 holes)

    Total unplated holes count 124
